12:22:35.670 karate.env:  
12:22:35.900 [print] world
12:22:35.901 [print] sgrPe
12:22:36.765 request:
1 > POST https://petstore.swagger.io/v2/pet/
1 > Accept-Encoding: gzip,deflate
1 > Connection: Keep-Alive
1 > Content-Length: 132
1 > Content-Type: application/json; charset=UTF-8
1 > Host: petstore.swagger.io
1 > User-Agent: Apache-HttpClient/4.5.11 (Java/1.8.0_301)
{"id":20,"category":{"id":0,"name":""},"name":"sgrPe","photoUrls":["string"],"tags":[{"id":0,"name":"string"}],"status":"available"}

12:22:37.802 response time in milliseconds: 1036.02
1 < 200
1 < Access-Control-Allow-Headers: Content-Type, api_key, Authorization
1 < Access-Control-Allow-Methods: GET, POST, DELETE, PUT
1 < Access-Control-Allow-Origin: *
1 < Connection: keep-alive
1 < Content-Type: application/json
1 < Date: Tue, 14 Feb 2023 06:52:37 GMT
1 < Server: Jetty(9.2.9.v20150224)
1 < Transfer-Encoding: chunked
{"id":20,"category":{"id":0,"name":""},"name":"sgrPe","photoUrls":["string"],"tags":[{"id":0,"name":"string"}],"status":"available"}

12:22:37.806 [print] {
  "photoUrls": [
    "string"
  ],
  "name": "sgrPe",
  "id": 20,
  "category": {
    "name": "",
    "id": 0
  },
  "tags": [
    {
      "name": "string",
      "id": 0
    }
  ],
  "status": "available"
}

12:22:37.814 [print] 20
12:22:37.816 request:
2 > GET https://petstore.swagger.io/v2/pet/20
2 > Accept-Encoding: gzip,deflate
2 > Connection: Keep-Alive
2 > Host: petstore.swagger.io
2 > User-Agent: Apache-HttpClient/4.5.11 (Java/1.8.0_301)

12:22:38.653 response time in milliseconds: 835.14
2 < 200
2 < Access-Control-Allow-Headers: Content-Type, api_key, Authorization
2 < Access-Control-Allow-Methods: GET, POST, DELETE, PUT
2 < Access-Control-Allow-Origin: *
2 < Connection: keep-alive
2 < Content-Type: application/json
2 < Date: Tue, 14 Feb 2023 06:52:38 GMT
2 < Server: Jetty(9.2.9.v20150224)
2 < Transfer-Encoding: chunked
{"id":20,"category":{"id":0,"name":""},"name":"sgrPe","photoUrls":["string"],"tags":[{"id":0,"name":"string"}],"status":"available"}

12:22:38.654 [print] {
  "photoUrls": [
    "string"
  ],
  "name": "sgrPe",
  "id": 20,
  "category": {
    "name": "",
    "id": 0
  },
  "tags": [
    {
      "name": "string",
      "id": 0
    }
  ],
  "status": "available"
}

